<?xml version="1.0" encoding="UTF-8"?>
<!-- Generated by org.testng.reporters.JUnitReportReporter -->
<testsuite skipped="0" hostname="DESKTOP-SO7N4NU" name="Login.LoginTest" tests="2" failures="0" timestamp="2021-01-12T10:31:31 IST" time="54.850" errors="0">
  <testcase name="forgotpassword" time="33.575" classname="Login.LoginTest"/>
  <system-out/>
  <testcase name="verifyLoginTest" time="21.275" classname="Login.LoginTest"/>
  <system-out/>
</testsuite> <!-- Login.LoginTest -->
