<?xml version="1.0" encoding="UTF-8"?>
<!-- Generated by org.testng.reporters.JUnitReportReporter -->
<testsuite skipped="0" hostname="DESKTOP-SO7N4NU" name="CustReg.CustReg" tests="2" failures="0" timestamp="2021-01-07T17:45:34 IST" time="0.014" errors="0">
  <testcase name="forgotpassword" time="0.000" classname="CustReg.CustReg"/>
  <system-out/>
  <testcase name="signUp" time="0.014" classname="CustReg.CustReg"/>
  <system-out/>
</testsuite> <!-- CustReg.CustReg -->
